SF:lib\utils\exception.dart
DA:6,4
LF:1
LH:1
end_of_record
SF:lib\data\datasources\movie\movie_local_data_source.dart
DA:15,1
DA:17,1
DA:20,2
DA:23,2
DA:27,1
DA:30,2
DA:33,2
DA:37,1
DA:39,2
DA:41,1
DA:47,1
DA:49,2
DA:50,4
LF:13
LH:13
end_of_record
SF:lib\data\models\movie\movie_table.dart
DA:11,2
DA:18,2
DA:19,1
DA:20,1
DA:21,1
DA:22,1
DA:25,2
DA:26,1
DA:27,1
DA:28,1
DA:29,1
DA:32,0
DA:33,0
DA:34,0
DA:35,0
DA:36,0
DA:39,2
DA:40,1
DA:41,1
DA:42,1
DA:43,1
DA:46,2
DA:47,10
LF:23
LH:18
end_of_record
SF:lib\domain\entities\genre.dart
DA:4,2
DA:12,2
DA:13,6
LF:3
LH:3
end_of_record
SF:lib\data\datasources\db\database_helper_movie.dart
DA:8,0
DA:12,0
DA:13,0
DA:17,0
DA:18,0
DA:24,0
DA:25,0
DA:26,0
DA:28,0
DA:30,0
DA:31,0
DA:35,0
DA:36,0
DA:44,0
DA:47,0
DA:48,0
DA:49,0
DA:52,0
DA:53,0
DA:54,0
DA:57,0
DA:61,0
DA:62,0
DA:63,0
DA:66,0
DA:69,0
DA:70,0
DA:76,0
DA:77,0
DA:78,0
LF:30
LH:0
end_of_record
SF:lib\data\datasources\db\database_helper_tv_serial.dart
DA:8,0
DA:12,0
DA:13,0
DA:17,0
DA:18,0
DA:24,0
DA:25,0
DA:26,0
DA:28,0
DA:30,0
DA:31,0
DA:35,0
DA:36,0
DA:44,0
DA:47,0
DA:48,0
DA:49,0
DA:52,0
DA:53,0
DA:54,0
DA:57,0
DA:61,0
DA:62,0
DA:63,0
DA:66,0
DA:69,0
DA:70,0
DA:76,0
DA:77,0
DA:79,0
LF:30
LH:0
end_of_record
SF:lib\data\datasources\movie\movie_remote_data_source.dart
DA:23,1
DA:25,1
DA:28,4
DA:30,2
DA:31,4
DA:33,1
DA:37,1
DA:40,4
DA:42,2
DA:43,3
DA:45,1
DA:49,1
DA:51,1
DA:52,3
DA:54,2
DA:55,4
DA:57,1
DA:61,1
DA:64,4
DA:66,2
DA:67,4
DA:69,1
DA:73,1
DA:76,4
DA:78,2
DA:79,4
DA:81,1
DA:85,1
DA:87,1
DA:88,3
DA:90,2
DA:91,4
DA:93,1
LF:33
LH:33
end_of_record
SF:lib\data\datasources\tv\tv_local_data_source.dart
DA:15,1
DA:17,1
DA:20,2
DA:23,2
DA:27,1
DA:30,2
DA:33,2
DA:37,1
DA:39,2
DA:41,1
DA:47,1
DA:49,2
DA:50,4
LF:13
LH:13
end_of_record
SF:lib\data\datasources\tv\tv_remote_data_source.dart
DA:23,1
DA:25,1
DA:28,4
DA:30,2
DA:31,4
DA:33,1
DA:37,1
DA:39,4
DA:41,2
DA:42,3
DA:44,1
DA:48,1
DA:50,1
DA:51,3
DA:53,2
DA:54,4
DA:56,1
DA:60,1
DA:63,4
DA:65,2
DA:66,4
DA:68,1
DA:72,1
DA:75,4
DA:77,2
DA:78,4
DA:80,1
DA:84,1
DA:86,1
DA:87,3
DA:89,2
DA:90,4
DA:92,1
LF:33
LH:33
end_of_record
SF:lib\data\models\movie\movie_detail_model.dart
DA:6,2
DA:52,1
DA:53,1
DA:54,1
DA:55,1
DA:56,1
DA:57,1
DA:58,4
DA:59,1
DA:60,1
DA:61,1
DA:62,1
DA:63,1
DA:64,1
DA:65,2
DA:66,1
DA:67,1
DA:68,1
DA:69,1
DA:70,1
DA:71,1
DA:72,1
DA:73,1
DA:74,2
DA:75,1
DA:78,0
DA:79,0
DA:80,0
DA:81,0
DA:82,0
DA:83,0
DA:84,0
DA:85,0
DA:86,0
DA:87,0
DA:88,0
DA:89,0
DA:90,0
DA:91,0
DA:92,0
DA:93,0
DA:94,0
DA:95,0
DA:96,0
DA:97,0
DA:98,0
DA:99,0
DA:102,1
DA:103,1
DA:104,1
DA:105,1
DA:106,5
DA:107,1
DA:108,1
DA:109,1
DA:110,1
DA:111,1
DA:112,1
DA:113,1
DA:114,1
DA:115,1
DA:119,1
DA:120,1
DA:121,1
DA:122,1
DA:123,1
DA:124,1
DA:125,1
DA:126,1
DA:127,1
DA:128,1
DA:129,1
DA:130,1
DA:131,1
DA:132,1
DA:133,1
DA:134,1
DA:135,1
DA:136,1
DA:137,1
DA:138,1
DA:139,1
DA:140,1
DA:141,1
LF:84
LH:62
end_of_record
SF:lib\data\models\movie\movie_model.dart
DA:5,4
DA:35,4
DA:36,2
DA:37,2
DA:38,8
DA:39,2
DA:40,2
DA:41,2
DA:42,4
DA:43,2
DA:44,2
DA:45,2
DA:46,2
DA:47,4
DA:48,2
DA:51,2
DA:52,1
DA:53,1
DA:54,4
DA:55,1
DA:56,1
DA:57,1
DA:58,1
DA:59,1
DA:60,1
DA:61,1
DA:62,1
DA:63,1
DA:64,1
DA:67,2
DA:68,2
DA:69,2
DA:70,2
DA:71,2
DA:72,2
DA:73,2
DA:74,2
DA:75,2
DA:76,2
DA:77,2
DA:78,2
DA:79,2
DA:80,2
DA:81,2
DA:85,2
DA:86,2
DA:87,2
DA:88,2
DA:89,2
DA:90,2
DA:91,2
DA:92,2
DA:93,2
DA:94,2
DA:95,2
DA:96,2
DA:97,2
DA:98,2
DA:99,2
LF:59
LH:59
end_of_record
SF:lib\data\models\tv\tv_detail_model.dart
DA:7,2
DA:47,1
DA:48,1
DA:49,1
DA:51,4
DA:52,1
DA:53,1
DA:54,4
DA:55,1
DA:56,1
DA:57,1
DA:58,1
DA:59,1
DA:60,1
DA:61,2
DA:62,1
DA:63,1
DA:64,4
DA:65,1
DA:66,1
DA:67,1
DA:68,2
DA:69,1
DA:72,0
DA:73,0
DA:74,0
DA:75,0
DA:76,0
DA:77,0
DA:78,0
DA:79,0
DA:80,0
DA:81,0
DA:82,0
DA:83,0
DA:84,0
DA:85,0
DA:86,0
DA:87,0
DA:88,0
DA:89,0
DA:90,0
DA:93,1
DA:94,1
DA:95,1
DA:96,1
DA:97,1
DA:98,5
DA:99,1
DA:100,1
DA:101,1
DA:102,1
DA:103,1
DA:104,1
DA:105,1
DA:106,1
DA:107,5
DA:108,1
DA:109,1
DA:110,1
DA:111,1
DA:112,1
DA:116,1
DA:117,1
DA:118,1
DA:119,1
DA:120,1
DA:121,1
DA:122,1
DA:123,1
DA:124,1
DA:125,1
DA:126,1
DA:127,1
DA:128,1
DA:129,1
DA:130,1
DA:131,1
DA:132,1
DA:133,1
DA:134,1
DA:135,1
LF:82
LH:63
end_of_record
SF:lib\data\models\tv\tv_model.dart
DA:5,4
DA:31,4
DA:32,2
DA:33,4
DA:34,2
DA:35,2
DA:36,4
DA:37,2
DA:38,2
DA:39,8
DA:40,2
DA:41,2
DA:42,2
DA:45,2
DA:46,1
DA:47,1
DA:48,1
DA:49,1
DA:50,1
DA:51,1
DA:52,1
DA:53,4
DA:54,1
DA:55,1
DA:56,1
DA:59,2
DA:60,2
DA:61,2
DA:62,2
DA:63,2
DA:64,2
DA:65,2
DA:66,2
DA:67,2
DA:68,2
DA:69,2
DA:70,2
DA:71,2
DA:74,2
DA:75,2
DA:76,2
DA:77,2
DA:78,2
DA:79,2
DA:80,2
DA:81,2
DA:82,2
DA:83,2
DA:84,2
DA:85,2
DA:86,2
LF:51
LH:51
end_of_record
SF:lib\data\models\tv\tv_table.dart
DA:11,2
DA:18,2
DA:19,1
DA:20,1
DA:21,1
DA:22,1
DA:25,2
DA:26,1
DA:27,1
DA:28,1
DA:29,1
DA:32,0
DA:33,0
DA:34,0
DA:35,0
DA:36,0
DA:39,2
DA:40,1
DA:41,1
DA:42,1
DA:43,1
DA:46,2
DA:47,10
LF:23
LH:18
end_of_record
SF:lib\utils\failure.dart
DA:6,5
DA:8,2
DA:9,4
DA:13,5
DA:17,5
DA:21,5
DA:25,0
LF:7
LH:6
end_of_record
SF:lib\utils\encrypt.dart
DA:3,0
DA:4,0
DA:5,0
DA:7,0
DA:9,0
DA:11,0
LF:6
LH:0
end_of_record
SF:lib\data\models\movie\movie_response.dart
DA:7,2
DA:9,4
DA:10,4
DA:11,6
DA:12,6
DA:15,2
DA:16,5
DA:19,1
DA:20,2
LF:9
LH:9
end_of_record
SF:lib\data\models\tv\tv_response.dart
DA:6,2
DA:10,2
DA:11,2
DA:12,4
DA:13,6
DA:14,6
DA:17,2
DA:18,5
DA:21,1
DA:22,2
LF:10
LH:10
end_of_record
SF:lib\data\models\genre_model.dart
DA:5,4
DA:13,4
DA:14,2
DA:15,2
DA:18,0
DA:19,0
DA:20,0
DA:23,2
DA:24,6
DA:27,2
DA:28,6
LF:11
LH:8
end_of_record
SF:lib\data\models\tv\seasons_model.dart
DA:5,3
DA:23,2
DA:24,1
DA:25,1
DA:26,1
DA:27,1
DA:28,1
DA:29,1
DA:30,1
DA:33,0
DA:34,0
DA:35,0
DA:36,0
DA:37,0
DA:38,0
DA:39,0
DA:40,0
DA:43,2
DA:44,2
DA:45,2
DA:46,2
DA:47,2
DA:48,2
DA:49,2
DA:50,2
DA:51,2
DA:54,1
DA:56,8
LF:28
LH:20
end_of_record
SF:lib\data\repositories\movie_repository_impl.dart
DA:16,1
DA:21,1
DA:24,2
DA:25,5
DA:26,1
DA:28,1
DA:30,0
DA:31,0
DA:33,0
DA:37,1
DA:40,2
DA:41,2
DA:42,1
DA:44,1
DA:46,0
DA:47,0
DA:49,0
DA:53,1
DA:56,2
DA:57,3
DA:58,1
DA:60,1
DA:62,0
DA:63,0
DA:65,0
DA:69,1
DA:72,2
DA:73,5
DA:74,1
DA:76,1
DA:78,0
DA:79,0
DA:81,0
DA:85,1
DA:88,2
DA:89,5
DA:90,1
DA:92,1
DA:94,0
DA:95,0
DA:97,0
DA:101,1
DA:104,2
DA:105,5
DA:106,1
DA:108,1
DA:110,0
DA:111,0
DA:113,0
DA:117,1
DA:121,3
DA:122,1
DA:123,1
DA:124,3
DA:130,1
DA:134,3
DA:135,1
DA:136,1
DA:137,3
DA:141,1
DA:143,2
DA:147,1
DA:149,2
DA:150,5
LF:64
LH:46
end_of_record
SF:lib\data\repositories\tv_repository_impl.dart
DA:16,1
DA:21,1
DA:24,2
DA:25,5
DA:26,1
DA:28,1
DA:30,0
DA:31,0
DA:33,0
DA:37,1
DA:40,2
DA:41,2
DA:42,1
DA:44,1
DA:46,0
DA:47,0
DA:49,0
DA:53,1
DA:57,2
DA:58,3
DA:59,1
DA:61,1
DA:63,0
DA:64,0
DA:66,0
DA:70,1
DA:73,2
DA:74,5
DA:75,1
DA:77,1
DA:79,0
DA:80,0
DA:82,0
DA:86,1
DA:89,2
DA:90,5
DA:91,1
DA:93,1
DA:95,0
DA:96,0
DA:98,0
DA:102,1
DA:105,2
DA:106,5
DA:107,1
DA:109,1
DA:111,0
DA:112,0
DA:114,0
DA:118,1
DA:122,1
DA:123,2
DA:124,1
DA:125,1
DA:126,3
DA:132,1
DA:136,1
DA:137,2
DA:138,1
DA:139,1
DA:140,3
DA:144,1
DA:146,2
DA:150,1
DA:152,2
DA:153,5
LF:66
LH:48
end_of_record
