SF:lib\domain\entities\tv\tv.dart
DA:4,5
DA:18,1
DA:37,0
DA:38,0
DA:39,0
DA:40,0
DA:41,0
DA:42,0
DA:43,0
DA:44,0
DA:45,0
DA:46,0
DA:47,0
DA:48,0
DA:49,0
LF:15
LH:2
end_of_record
SF:lib\domain\usecases\tv\get_now_playing_tv.dart
DA:9,1
DA:11,1
DA:12,2
LF:3
LH:3
end_of_record
SF:lib\domain\entities\tv\tv_detail.dart
DA:6,5
DA:46,0
DA:47,0
DA:48,0
DA:49,0
DA:50,0
DA:51,0
DA:52,0
DA:53,0
DA:54,0
DA:55,0
DA:56,0
DA:57,0
DA:58,0
DA:59,0
DA:60,0
DA:61,0
DA:62,0
DA:63,0
DA:64,0
DA:65,0
LF:21
LH:1
end_of_record
SF:lib\domain\entities\tv\seasons.dart
DA:4,5
DA:22,0
DA:24,0
LF:3
LH:1
end_of_record
SF:lib\domain\usecases\tv\get_popular_tv.dart
DA:9,1
DA:11,1
DA:12,2
LF:3
LH:3
end_of_record
SF:lib\domain\usecases\tv\get_top_rated_tv.dart
DA:9,1
DA:11,1
DA:12,2
LF:3
LH:3
end_of_record
SF:lib\domain\usecases\tv\get_tv_detail.dart
DA:9,1
DA:11,1
DA:12,2
LF:3
LH:3
end_of_record
SF:lib\domain\usecases\tv\get_tv_recommendations.dart
DA:9,1
DA:11,1
DA:12,2
LF:3
LH:3
end_of_record
SF:lib\domain\usecases\tv\get_watchlist_tv_status.dart
DA:6,1
DA:8,1
DA:9,2
LF:3
LH:3
end_of_record
SF:lib\domain\usecases\tv\get_watchlist_tv.dart
DA:9,1
DA:11,1
DA:12,2
LF:3
LH:3
end_of_record
SF:lib\domain\usecases\tv\remove_watchlist_tv.dart
DA:9,1
DA:11,1
DA:12,2
LF:3
LH:3
end_of_record
SF:lib\domain\usecases\tv\save_watchlist_tv.dart
DA:9,1
DA:11,1
DA:12,2
LF:3
LH:3
end_of_record
SF:lib\presentation\pages\tv\popular_tv_page.dart
DA:8,1
DA:10,1
DA:11,1
DA:15,1
DA:17,1
DA:18,2
DA:19,2
DA:20,1
DA:23,1
DA:25,1
DA:26,1
DA:29,1
DA:31,1
DA:32,1
DA:33,2
DA:37,2
DA:38,1
DA:39,0
DA:40,0
DA:41,0
DA:43,2
DA:46,1
DA:48,2
LF:23
LH:20
end_of_record
SF:lib\presentation\provider\tv\popular_tv_notifier.dart
DA:9,1
DA:12,2
DA:15,2
DA:18,2
DA:20,1
DA:21,1
DA:22,1
DA:24,2
DA:26,1
DA:27,1
DA:28,2
DA:29,1
DA:30,1
DA:32,1
DA:33,1
DA:34,1
DA:35,1
LF:17
LH:17
end_of_record
SF:lib\presentation\widgets\tv_card_list.dart
DA:9,0
DA:11,0
DA:13,0
DA:15,0
DA:16,0
DA:17,0
DA:20,0
DA:23,0
DA:25,0
DA:26,0
DA:27,0
DA:33,0
DA:35,0
DA:36,0
DA:37,0
DA:40,0
DA:43,0
DA:44,0
DA:52,0
DA:57,0
DA:59,0
DA:60,0
DA:62,0
DA:65,0
LF:24
LH:0
end_of_record
SF:lib\presentation\pages\tv\top_rated_tv_page.dart
DA:8,1
DA:10,1
DA:11,1
DA:15,1
DA:17,1
DA:18,2
DA:19,2
DA:20,1
DA:23,1
DA:25,1
DA:26,1
DA:29,1
DA:31,1
DA:32,1
DA:33,2
DA:37,2
DA:38,1
DA:39,0
DA:40,0
DA:41,0
DA:43,2
DA:46,1
DA:48,2
LF:23
LH:20
end_of_record
SF:lib\presentation\provider\tv\top_rated_tv_notifier.dart
DA:9,1
DA:12,2
DA:15,2
DA:18,2
DA:20,1
DA:21,1
DA:22,1
DA:24,2
DA:26,1
DA:27,1
DA:28,2
DA:29,1
DA:30,1
DA:32,1
DA:33,1
DA:34,1
DA:35,1
LF:17
LH:17
end_of_record
SF:lib\presentation\provider\tv\tv_detail_notifier.dart
DA:22,1
DA:31,2
DA:34,2
DA:37,2
DA:40,2
DA:43,2
DA:46,2
DA:48,1
DA:49,1
DA:50,1
DA:51,2
DA:52,2
DA:53,1
DA:54,1
DA:55,1
DA:56,2
DA:57,1
DA:59,1
DA:60,1
DA:61,1
DA:62,1
DA:63,1
DA:64,1
DA:65,1
DA:66,2
DA:68,1
DA:69,1
DA:70,1
DA:73,1
DA:74,1
DA:80,2
DA:82,1
DA:83,2
DA:85,1
DA:86,1
DA:87,2
DA:89,1
DA:90,1
DA:94,2
DA:97,1
DA:98,2
DA:100,1
DA:101,0
DA:102,0
DA:104,1
DA:105,1
DA:109,2
DA:112,1
DA:113,2
DA:114,1
DA:115,1
LF:51
LH:49
end_of_record
SF:lib\presentation\pages\tv\tv_detail_page.dart
DA:17,1
DA:19,1
DA:20,1
DA:24,1
DA:26,1
DA:27,2
DA:28,2
DA:29,3
DA:30,2
DA:31,3
DA:35,1
DA:37,1
DA:38,1
DA:39,1
DA:40,2
DA:44,2
DA:45,1
DA:46,1
DA:47,1
DA:49,1
DA:50,1
DA:54,0
DA:67,1
DA:71,1
DA:73,3
DA:74,1
DA:75,1
DA:76,1
DA:77,3
DA:79,1
DA:82,0
DA:84,1
DA:86,1
DA:87,1
DA:88,1
DA:98,1
DA:99,1
DA:100,1
DA:102,1
DA:104,1
DA:106,1
DA:107,1
DA:108,2
DA:109,1
DA:111,1
DA:112,1
DA:113,1
DA:114,1
DA:117,2
DA:119,0
DA:122,0
DA:126,1
DA:128,1
DA:130,1
DA:133,1
DA:136,2
DA:137,2
DA:139,1
DA:141,1
DA:142,1
DA:143,1
DA:148,1
DA:150,1
DA:151,1
DA:158,1
DA:159,3
DA:161,1
DA:162,3
DA:164,1
DA:165,1
DA:166,1
DA:167,3
DA:169,1
DA:175,4
DA:179,1
DA:181,1
DA:183,1
DA:184,2
DA:187,1
DA:189,1
DA:190,3
DA:192,1
DA:193,3
DA:194,1
DA:198,1
DA:200,1
DA:202,1
DA:203,1
DA:204,2
DA:209,2
DA:211,0
DA:212,2
DA:214,1
DA:216,1
DA:218,0
DA:219,0
DA:220,0
DA:222,0
DA:223,0
DA:224,0
DA:227,0
DA:230,0
DA:235,0
DA:237,0
DA:238,0
DA:244,0
DA:251,2
DA:255,0
DA:263,1
DA:265,1
DA:280,1
DA:282,1
DA:285,1
DA:287,0
DA:288,0
DA:297,1
DA:299,2
DA:300,3
DA:303,1
DA:307,3
DA:310,1
DA:312,2
DA:315,1
DA:316,1
DA:317,1
DA:318,0
DA:319,1
DA:320,1
DA:322,0
LF:129
LH:107
end_of_record
SF:lib\presentation\widgets\season_card_list.dart
DA:10,1
DA:12,1
DA:14,3
DA:15,1
DA:16,1
DA:18,1
DA:27,1
DA:29,1
DA:31,1
DA:33,1
DA:34,1
DA:36,1
DA:37,1
DA:38,1
DA:39,3
DA:43,1
DA:46,0
DA:50,1
DA:51,1
DA:53,1
DA:57,1
DA:58,1
DA:59,3
DA:61,1
DA:62,3
DA:65,1
DA:66,1
DA:68,1
DA:69,2
DA:84,1
DA:86,3
LF:31
LH:30
end_of_record
SF:lib\presentation\provider\tv\tv_list_notifier.dart
DA:10,2
DA:13,2
DA:16,2
DA:19,2
DA:22,2
DA:25,2
DA:28,2
DA:30,1
DA:40,1
DA:41,1
DA:42,1
DA:44,2
DA:45,1
DA:46,1
DA:47,1
DA:48,2
DA:49,1
DA:51,1
DA:52,1
DA:53,1
DA:54,1
DA:59,1
DA:60,1
DA:61,1
DA:63,2
DA:64,1
DA:65,1
DA:66,1
DA:67,2
DA:68,1
DA:70,1
DA:71,1
DA:72,1
DA:73,1
DA:78,1
DA:79,1
DA:80,1
DA:82,2
DA:83,1
DA:84,1
DA:85,1
DA:86,2
DA:87,1
DA:89,1
DA:90,1
DA:91,1
DA:92,1
LF:47
LH:47
end_of_record
SF:lib\presentation\provider\tv\watchlist_tv_notifier.dart
DA:8,2
DA:11,2
DA:14,2
DA:16,1
DA:20,1
DA:21,1
DA:22,1
DA:24,2
DA:25,1
DA:26,1
DA:27,1
DA:28,2
DA:29,1
DA:31,1
DA:32,1
DA:33,1
DA:34,1
LF:17
LH:17
end_of_record
