SF:lib\domain\usecases\movie\get_movie_detail.dart
DA:9,1
DA:11,1
DA:12,2
LF:3
LH:3
end_of_record
SF:lib\domain\entities\movie\movie.dart
DA:4,5
DA:20,1
DA:41,5
DA:42,5
DA:43,5
DA:44,5
DA:45,5
DA:46,5
DA:47,5
DA:48,5
DA:49,5
DA:50,5
DA:51,5
DA:52,5
DA:53,5
DA:54,5
DA:55,5
LF:17
LH:17
end_of_record
SF:lib\domain\entities\movie\movie_detail.dart
DA:5,10
DA:33,1
DA:34,1
DA:35,1
DA:36,1
DA:37,1
DA:38,1
DA:39,1
DA:40,1
DA:41,1
DA:42,1
DA:43,1
DA:44,1
DA:45,1
LF:14
LH:14
end_of_record
SF:lib\domain\usecases\movie\get_movie_recommendations.dart
DA:9,1
DA:11,1
DA:12,2
LF:3
LH:3
end_of_record
SF:lib\domain\usecases\movie\get_now_playing_movies.dart
DA:9,1
DA:11,1
DA:12,2
LF:3
LH:3
end_of_record
SF:lib\domain\usecases\movie\get_popular_movies.dart
DA:9,1
DA:11,1
DA:12,2
LF:3
LH:3
end_of_record
SF:lib\domain\usecases\movie\get_top_rated_movies.dart
DA:9,1
DA:11,1
DA:12,2
LF:3
LH:3
end_of_record
SF:lib\domain\usecases\movie\get_watchlist_movies.dart
DA:9,1
DA:11,1
DA:12,2
LF:3
LH:3
end_of_record
SF:lib\domain\usecases\movie\get_watchlist_status.dart
DA:6,1
DA:8,1
DA:9,2
LF:3
LH:3
end_of_record
SF:lib\domain\usecases\movie\remove_watchlist.dart
DA:9,1
DA:11,1
DA:12,2
LF:3
LH:3
end_of_record
SF:lib\domain\usecases\movie\save_watchlist.dart
DA:9,1
DA:11,1
DA:12,2
LF:3
LH:3
end_of_record
SF:lib\presentation\bloc\movie_detail\movie_detail_event.dart
DA:5,1
DA:7,0
DA:8,0
DA:14,1
DA:16,0
DA:17,0
LF:6
LH:2
end_of_record
SF:lib\presentation\bloc\movie_detail\movie_detail_state.dart
DA:4,2
DA:6,1
DA:7,1
DA:17,2
DA:19,1
DA:20,2
DA:26,2
DA:28,1
DA:29,2
LF:9
LH:9
end_of_record
SF:lib\presentation\bloc\movie_detail\movie_detail_bloc.dart
DA:11,1
DA:13,2
DA:14,2
DA:15,1
DA:16,2
DA:17,2
DA:19,1
DA:20,1
DA:21,3
DA:23,1
DA:24,2
LF:11
LH:11
end_of_record
SF:lib\presentation\bloc\movie_now_playing\movie_now_playing_state.dart
DA:4,2
DA:6,1
DA:7,1
DA:17,2
DA:19,1
DA:20,2
DA:26,1
DA:28,1
DA:29,2
LF:9
LH:9
end_of_record
SF:lib\presentation\bloc\movie_now_playing\movie_now_playing_event.dart
DA:4,1
DA:6,0
DA:7,0
DA:11,0
DA:12,0
LF:5
LH:1
end_of_record
SF:lib\presentation\bloc\movie_now_playing\movie_now_playing_bloc.dart
DA:12,1
DA:13,2
DA:14,2
DA:15,2
DA:16,2
DA:17,1
DA:18,1
DA:19,3
DA:21,1
DA:22,2
LF:10
LH:10
end_of_record
SF:lib\presentation\bloc\movie_recommendation\movie_recommendation_event.dart
DA:4,1
DA:6,0
DA:7,0
DA:13,1
DA:15,0
DA:16,0
LF:6
LH:2
end_of_record
SF:lib\presentation\bloc\movie_recommendation\movie_recommendation_state.dart
DA:4,2
DA:6,1
DA:7,1
DA:17,2
DA:19,1
DA:20,2
DA:26,1
DA:28,1
DA:29,2
LF:9
LH:9
end_of_record
SF:lib\presentation\bloc\movie_recommendation\movie_recommendation_bloc.dart
DA:12,1
DA:13,2
DA:14,2
DA:15,1
DA:16,2
DA:17,2
DA:18,1
DA:19,1
DA:20,3
DA:22,1
DA:23,2
LF:11
LH:11
end_of_record
SF:lib\presentation\bloc\popular_movies\popular_movies_state.dart
DA:4,2
DA:6,1
DA:7,1
DA:16,2
DA:18,1
DA:19,2
DA:25,1
DA:27,1
DA:28,2
LF:9
LH:9
end_of_record
SF:lib\presentation\bloc\popular_movies\popular_movies_bloc.dart
DA:12,3
DA:13,2
DA:14,2
DA:15,2
DA:16,1
DA:17,1
DA:18,3
DA:20,1
DA:21,2
LF:9
LH:9
end_of_record
SF:lib\presentation\bloc\popular_movies\popular_movies_event.dart
DA:4,1
DA:6,0
DA:7,0
DA:11,0
DA:12,0
LF:5
LH:1
end_of_record
SF:lib\presentation\bloc\top_rated_movies\top_rated_movies_bloc.dart
DA:13,3
DA:14,2
DA:15,2
DA:16,2
DA:17,1
DA:18,1
DA:19,3
DA:21,1
DA:22,2
LF:9
LH:9
end_of_record
SF:lib\presentation\bloc\top_rated_movies\top_rated_movies_event.dart
DA:4,1
DA:6,0
DA:7,0
DA:11,0
DA:12,0
LF:5
LH:1
end_of_record
SF:lib\presentation\bloc\top_rated_movies\top_rated_movies_state.dart
DA:4,2
DA:6,1
DA:7,1
DA:17,2
DA:19,1
DA:20,2
DA:26,1
DA:28,1
DA:29,2
LF:9
LH:9
end_of_record
SF:lib\presentation\bloc\watchlist_movie\watchlist_movie_state.dart
DA:4,2
DA:6,1
DA:7,1
DA:12,2
DA:13,1
DA:14,2
DA:19,2
DA:20,1
DA:21,2
DA:31,2
DA:33,1
DA:34,2
DA:40,1
DA:42,1
DA:43,2
LF:15
LH:15
end_of_record
SF:lib\presentation\bloc\watchlist_movie\watchlist_movie_event.dart
DA:7,1
DA:8,0
DA:9,0
DA:13,0
DA:14,0
DA:19,1
DA:20,0
DA:21,0
DA:26,1
DA:27,0
DA:28,0
LF:11
LH:3
end_of_record
SF:lib\presentation\bloc\watchlist_movie\watchlist_movie_bloc.dart
DA:20,1
DA:22,2
DA:23,2
DA:24,3
DA:25,2
DA:27,2
DA:28,2
DA:29,2
DA:30,1
DA:31,1
DA:32,3
DA:34,1
DA:35,2
DA:40,1
DA:41,1
DA:42,3
DA:44,1
DA:45,1
DA:46,3
DA:48,1
DA:49,2
DA:52,4
DA:55,1
DA:56,1
DA:57,3
DA:58,1
DA:59,1
DA:60,3
DA:62,1
DA:63,2
DA:66,4
LF:31
LH:31
end_of_record
